<?xml version="1.0" encoding="UTF-8"?>
<testng-results skipped="0" failed="0" ignored="0" total="1" passed="1">
  <reporter-output>
  </reporter-output>
  <suite name="Default suite" duration-ms="22337" started-at="2022-05-27T13:30:52 EDT" finished-at="2022-05-27T13:31:14 EDT">
    <groups>
    </groups>
    <test name="Default test" duration-ms="22337" started-at="2022-05-27T13:30:52 EDT" finished-at="2022-05-27T13:31:14 EDT">
      <class name="test.ListContactTest">
        <test-method status="PASS" signature="validUserShouldBeAbleToAddCustomer()[pri:0, instance:test.ListContactTest@1e800aaa]" name="validUserShouldBeAbleToAddCustomer" duration-ms="22265" started-at="2022-05-27T13:30:52 EDT" finished-at="2022-05-27T13:31:14 EDT">
          <reporter-output>
          </reporter-output>
        </test-method> <!-- validUserShouldBeAbleToAddCustomer -->
      </class> <!-- test.ListContactTest -->
    </test> <!-- Default test -->
  </suite> <!-- Default suite -->
</testng-results>
